<?xml version="1.0" encoding="UTF-8"?>
<!-- Generated by org.testng.reporters.JUnitXMLReporter -->
<testsuite hostname="L1016967" ignored="0" name="Test" tests="1" failures="1" timestamp="09 Nov 2018 09:36:25 GMT" time="191.095" errors="0">
  <testcase name="oneAdultOneChildRtn" time="187.103" classname="testcases.EasyTest">
    <failure type="java.lang.NullPointerException">
      <![CDATA[java.lang.NullPointerException
at screens.EasyPassengerDetailsScreen.getPassengers(EasyPassengerDetailsScreen.java:154)
at testcases.EasyTest.oneAdultOneChildRtn(EasyTest.java:78)
... Removed 25 stack frames]]>
    </failure>
  </testcase> <!-- oneAdultOneChildRtn -->
</testsuite> <!-- Test -->
