<?xml version="1.0" encoding="UTF-8"?>
<testng-results skipped="0" failed="1" ignored="0" total="1" passed="0">
  <reporter-output>
    <line>
      <![CDATA[<a target="_blank" href="C:\Workspace\AppiumTesting\AppiumAutomation\test-output\html\screenshots/09-Nov-2018__09_36_25AM.png">Screenshot Captured</a>]]>
    </line>
    <line>
      <![CDATA[<br><a target='_blank' href="C:\Workspace\AppiumTesting\AppiumAutomation\test-output\html\screenshots/09-Nov-2018__09_36_25AM.png"><img height=200, width=200, src="C:\Workspace\AppiumTesting\AppiumAutomation\test-output\html\screenshots/09-Nov-2018__09_36_25AM.png" alt=""/></img></a>]]>
    </line>
  </reporter-output>
  <suite name="Suite" duration-ms="191095" started-at="2018-11-09T09:33:14Z" finished-at="2018-11-09T09:36:25Z">
    <groups>
    </groups>
    <test name="Test" duration-ms="191095" started-at="2018-11-09T09:33:14Z" finished-at="2018-11-09T09:36:25Z">
      <class name="testcases.EasyTest">
        <test-method status="PASS" signature="setUp()[pri:0, instance:testcases.EasyTest@d29f28]" name="setUp" is-config="true" duration-ms="33454" started-at="2018-11-09T09:32:40Z" finished-at="2018-11-09T09:33:14Z">
          <reporter-output>
          </reporter-output>
        </test-method> <!-- setUp -->
        <test-method status="PASS" signature="init()[pri:0, instance:testcases.EasyTest@d29f28]" name="init" is-config="true" duration-ms="161" started-at="2018-11-09T09:33:14Z" finished-at="2018-11-09T09:33:14Z">
          <reporter-output>
          </reporter-output>
        </test-method> <!-- init -->
        <test-method status="FAIL" signature="oneAdultOneChildRtn(org.testng.ITestContext)[pri:1, instance:testcases.EasyTest@d29f28]" name="oneAdultOneChildRtn" duration-ms="187103" started-at="2018-11-09T09:33:14Z" finished-at="2018-11-09T09:36:21Z">
          <params>
            <param index="0">
              <value>
                <![CDATA[org.testng.TestRunner@33617539]]>
              </value>
            </param>
          </params>
          <exception class="java.lang.NullPointerException">
            <full-stacktrace>
              <![CDATA[java.lang.NullPointerException
at screens.EasyPassengerDetailsScreen.getPassengers(EasyPassengerDetailsScreen.java:154)
at testcases.EasyTest.oneAdultOneChildRtn(EasyTest.java:78)
at sun.reflect.NativeMethodAccessorImpl.invoke0(Native Method)
at sun.reflect.NativeMethodAccessorImpl.invoke(Unknown Source)
at sun.reflect.DelegatingMethodAccessorImpl.invoke(Unknown Source)
at java.lang.reflect.Method.invoke(Unknown Source)
at org.testng.internal.MethodInvocationHelper.invokeMethod(MethodInvocationHelper.java:124)
at org.testng.internal.Invoker.invokeMethod(Invoker.java:583)
at org.testng.internal.Invoker.invokeTestMethod(Invoker.java:719)
at org.testng.internal.Invoker.invokeTestMethods(Invoker.java:989)
at org.testng.internal.TestMethodWorker.invokeTestMethods(TestMethodWorker.java:125)
at org.testng.internal.TestMethodWorker.run(TestMethodWorker.java:109)
at org.testng.TestRunner.privateRun(TestRunner.java:648)
at org.testng.TestRunner.run(TestRunner.java:505)
at org.testng.SuiteRunner.runTest(SuiteRunner.java:455)
at org.testng.SuiteRunner.runSequentially(SuiteRunner.java:450)
at org.testng.SuiteRunner.privateRun(SuiteRunner.java:415)
at org.testng.SuiteRunner.run(SuiteRunner.java:364)
at org.testng.SuiteRunnerWorker.runSuite(SuiteRunnerWorker.java:52)
at org.testng.SuiteRunnerWorker.run(SuiteRunnerWorker.java:84)
at org.testng.TestNG.runSuitesSequentially(TestNG.java:1208)
at org.testng.TestNG.runSuitesLocally(TestNG.java:1137)
at org.testng.TestNG.runSuites(TestNG.java:1049)
at org.testng.TestNG.run(TestNG.java:1017)
at org.testng.remote.AbstractRemoteTestNG.run(AbstractRemoteTestNG.java:114)
at org.testng.remote.RemoteTestNG.initAndRun(RemoteTestNG.java:251)
at org.testng.remote.RemoteTestNG.main(RemoteTestNG.java:77)
]]>
            </full-stacktrace>
          </exception> <!-- java.lang.NullPointerException -->
          <reporter-output>
            <line>
              <![CDATA[<a target="_blank" href="C:\Workspace\AppiumTesting\AppiumAutomation\test-output\html\screenshots/09-Nov-2018__09_36_25AM.png">Screenshot Captured</a>]]>
            </line>
            <line>
              <![CDATA[<br><a target='_blank' href="C:\Workspace\AppiumTesting\AppiumAutomation\test-output\html\screenshots/09-Nov-2018__09_36_25AM.png"><img height=200, width=200, src="C:\Workspace\AppiumTesting\AppiumAutomation\test-output\html\screenshots/09-Nov-2018__09_36_25AM.png" alt=""/></img></a>]]>
            </line>
          </reporter-output>
        </test-method> <!-- oneAdultOneChildRtn -->
        <test-method status="PASS" signature="tearDown()[pri:0, instance:testcases.EasyTest@d29f28]" name="tearDown" is-config="true" duration-ms="10984" started-at="2018-11-09T09:36:25Z" finished-at="2018-11-09T09:36:36Z">
          <reporter-output>
          </reporter-output>
        </test-method> <!-- tearDown -->
      </class> <!-- testcases.EasyTest -->
    </test> <!-- Test -->
  </suite> <!-- Suite -->
</testng-results>
